app/build/intermediates/manifest_merge_blame_file/debug/processDebugMainManifest/manifest-merger-blame-debug-report.txt
1<?xml version="1.0" encoding="utf-8"?>
2<manifest xmlns:android="http://schemas.android.com/apk/res/android"
3    package="com.expensemanager.app"
4    android:versionCode="1"
5    android:versionName="1.0" >
6
7    <uses-sdk
8        android:minSdkVersion="24"
9        android:targetSdkVersion="34" />
10
11    <uses-permission android:name="android.permission.INTERNET" />
11-->src/main/AndroidManifest.xml:4:5-67
11-->src/main/AndroidManifest.xml:4:22-64
12    <uses-permission android:name="android.permission.POST_NOTIFICATIONS" />
12-->src/main/AndroidManifest.xml:5:5-77
12-->src/main/AndroidManifest.xml:5:22-74
13    <uses-permission android:name="android.permission.USE_BIOMETRIC" />
13-->src/main/AndroidManifest.xml:6:5-72
13-->src/main/AndroidManifest.xml:6:22-69
14    <uses-permission android:name="android.permission.SCHEDULE_EXACT_ALARM" />
14-->src/main/AndroidManifest.xml:7:5-79
14-->src/main/AndroidManifest.xml:7:22-76
15    <uses-permission android:name="android.permission.ACCESS_NETWORK_STATE" /> <!-- suppress DeprecatedClassUsageInspection -->
15-->[com.google.firebase:firebase-auth:23.1.0] AndroidManifest.xml:26:5-79
15-->[com.google.firebase:firebase-auth:23.1.0] AndroidManifest.xml:26:22-76
16    <uses-permission android:name="android.permission.USE_FINGERPRINT" />
16-->[androidx.biometric:biometric:1.1.0] AndroidManifest.xml:27:5-74
16-->[androidx.biometric:biometric:1.1.0] AndroidManifest.xml:27:22-71
17    <uses-permission android:name="com.google.android.providers.gsf.permission.READ_GSERVICES" />
17-->[com.google.android.recaptcha:recaptcha:18.5.1] AndroidManifest.xml:9:5-98
17-->[com.google.android.recaptcha:recaptcha:18.5.1] AndroidManifest.xml:9:22-95
18
19    <permission
19-->[androidx.core:core:1.13.0] AndroidManifest.xml:22:5-24:47
20        android:name="com.expensemanager.app.DYNAMIC_RECEIVER_NOT_EXPORTED_PERMISSION"
20-->[androidx.core:core:1.13.0] AndroidManifest.xml:23:9-81
21        android:protectionLevel="signature" />
21-->[androidx.core:core:1.13.0] AndroidManifest.xml:24:9-44
22
23    <uses-permission android:name="com.expensemanager.app.DYNAMIC_RECEIVER_NOT_EXPORTED_PERMISSION" />
23-->[androidx.core:core:1.13.0] AndroidManifest.xml:26:5-97
23-->[androidx.core:core:1.13.0] AndroidManifest.xml:26:22-94
24
25    <application
25-->src/main/AndroidManifest.xml:9:5-55:19
26        android:name="com.expensemanager.app.ExpenseApplication"
26-->src/main/AndroidManifest.xml:10:9-43
27        android:allowBackup="true"
27-->src/main/AndroidManifest.xml:11:9-35
28        android:appComponentFactory="androidx.core.app.CoreComponentFactory"
28-->[androidx.core:core:1.13.0] AndroidManifest.xml:28:18-86
29        android:debuggable="true"
30        android:extractNativeLibs="false"
31        android:icon="@mipmap/ic_launcher"
31-->src/main/AndroidManifest.xml:12:9-43
32        android:label="@string/app_name"
32-->src/main/AndroidManifest.xml:13:9-41
33        android:roundIcon="@mipmap/ic_launcher_round"
33-->src/main/AndroidManifest.xml:14:9-54
34        android:supportsRtl="true"
34-->src/main/AndroidManifest.xml:15:9-35
35        android:testOnly="true"
36        android:theme="@style/Theme.ExpenseManager" >
36-->src/main/AndroidManifest.xml:16:9-52
37        <activity
37-->src/main/AndroidManifest.xml:18:9-26:20
38            android:name="com.expensemanager.app.ui.auth.SplashActivity"
38-->src/main/AndroidManifest.xml:19:13-51
39            android:exported="true"
39-->src/main/AndroidManifest.xml:20:13-36
40            android:theme="@style/Theme.ExpenseManager.Splash" >
40-->src/main/AndroidManifest.xml:21:13-63
41            <intent-filter>
41-->src/main/AndroidManifest.xml:22:13-25:29
42                <action android:name="android.intent.action.MAIN" />
42-->src/main/AndroidManifest.xml:23:17-69
42-->src/main/AndroidManifest.xml:23:25-66
43
44                <category android:name="android.intent.category.LAUNCHER" />
44-->src/main/AndroidManifest.xml:24:17-77
44-->src/main/AndroidManifest.xml:24:27-74
45            </intent-filter>
46        </activity>
47        <activity
47-->src/main/AndroidManifest.xml:28:9-142
48            android:name="com.expensemanager.app.ui.auth.LoginActivity"
48-->src/main/AndroidManifest.xml:28:19-56
49            android:exported="false"
49-->src/main/AndroidManifest.xml:28:57-81
50            android:theme="@style/Theme.ExpenseManager.WithActionBar" />
50-->src/main/AndroidManifest.xml:28:82-139
51        <activity
51-->src/main/AndroidManifest.xml:29:9-145
52            android:name="com.expensemanager.app.ui.auth.RegisterActivity"
52-->src/main/AndroidManifest.xml:29:19-59
53            android:exported="false"
53-->src/main/AndroidManifest.xml:29:60-84
54            android:theme="@style/Theme.ExpenseManager.WithActionBar" />
54-->src/main/AndroidManifest.xml:29:85-142
55        <activity
55-->src/main/AndroidManifest.xml:30:9-83
56            android:name="com.expensemanager.app.ui.main.MainActivity"
56-->src/main/AndroidManifest.xml:30:19-55
57            android:exported="false" />
57-->src/main/AndroidManifest.xml:30:56-80
58        <activity
58-->src/main/AndroidManifest.xml:31:9-158
59            android:name="com.expensemanager.app.ui.transaction.AddTransactionActivity"
59-->src/main/AndroidManifest.xml:31:19-72
60            android:exported="false"
60-->src/main/AndroidManifest.xml:31:73-97
61            android:theme="@style/Theme.ExpenseManager.WithActionBar" />
61-->src/main/AndroidManifest.xml:31:98-155
62        <activity
62-->src/main/AndroidManifest.xml:32:9-149
63            android:name="com.expensemanager.app.ui.wallet.WalletListActivity"
63-->src/main/AndroidManifest.xml:32:19-63
64            android:exported="false"
64-->src/main/AndroidManifest.xml:32:64-88
65            android:theme="@style/Theme.ExpenseManager.WithActionBar" />
65-->src/main/AndroidManifest.xml:32:89-146
66        <activity
66-->src/main/AndroidManifest.xml:33:9-147
67            android:name="com.expensemanager.app.ui.wallet.TransferActivity"
67-->src/main/AndroidManifest.xml:33:19-61
68            android:exported="false"
68-->src/main/AndroidManifest.xml:33:62-86
69            android:theme="@style/Theme.ExpenseManager.WithActionBar" />
69-->src/main/AndroidManifest.xml:33:87-144
70        <activity
70-->src/main/AndroidManifest.xml:34:9-153
71            android:name="com.expensemanager.app.ui.category.CategoryListActivity"
71-->src/main/AndroidManifest.xml:34:19-67
72            android:exported="false"
72-->src/main/AndroidManifest.xml:34:68-92
73            android:theme="@style/Theme.ExpenseManager.WithActionBar" />
73-->src/main/AndroidManifest.xml:34:93-150
74        <activity
74-->src/main/AndroidManifest.xml:35:9-149
75            android:name="com.expensemanager.app.ui.budget.BudgetListActivity"
75-->src/main/AndroidManifest.xml:35:19-63
76            android:exported="false"
76-->src/main/AndroidManifest.xml:35:64-88
77            android:theme="@style/Theme.ExpenseManager.WithActionBar" />
77-->src/main/AndroidManifest.xml:35:89-146
78        <activity
78-->src/main/AndroidManifest.xml:36:9-155
79            android:name="com.expensemanager.app.ui.budget.BudgetAllocationActivity"
79-->src/main/AndroidManifest.xml:36:19-69
80            android:exported="false"
80-->src/main/AndroidManifest.xml:36:70-94
81            android:theme="@style/Theme.ExpenseManager.WithActionBar" />
81-->src/main/AndroidManifest.xml:36:95-152
82        <activity
82-->src/main/AndroidManifest.xml:37:9-149
83            android:name="com.expensemanager.app.ui.budget.BudgetEditActivity"
83-->src/main/AndroidManifest.xml:37:19-63
84            android:exported="false"
84-->src/main/AndroidManifest.xml:37:64-88
85            android:theme="@style/Theme.ExpenseManager.WithActionBar" />
85-->src/main/AndroidManifest.xml:37:89-146
86        <activity
86-->src/main/AndroidManifest.xml:38:9-145
87            android:name="com.expensemanager.app.ui.goal.GoalListActivity"
87-->src/main/AndroidManifest.xml:38:19-59
88            android:exported="false"
88-->src/main/AndroidManifest.xml:38:60-84
89            android:theme="@style/Theme.ExpenseManager.WithActionBar" />
89-->src/main/AndroidManifest.xml:38:85-142
90        <activity
90-->src/main/AndroidManifest.xml:39:9-155
91            android:name="com.expensemanager.app.ui.challenge.ChallengeListActivity"
91-->src/main/AndroidManifest.xml:39:19-69
92            android:exported="false"
92-->src/main/AndroidManifest.xml:39:70-94
93            android:theme="@style/Theme.ExpenseManager.WithActionBar" />
93-->src/main/AndroidManifest.xml:39:95-152
94        <activity
94-->src/main/AndroidManifest.xml:40:9-151
95            android:name="com.expensemanager.app.ui.profile.EditProfileActivity"
95-->src/main/AndroidManifest.xml:40:19-65
96            android:exported="false"
96-->src/main/AndroidManifest.xml:40:66-90
97            android:theme="@style/Theme.ExpenseManager.WithActionBar" />
97-->src/main/AndroidManifest.xml:40:91-148
98        <activity
98-->src/main/AndroidManifest.xml:41:9-148
99            android:name="com.expensemanager.app.ui.profile.SettingsActivity"
99-->src/main/AndroidManifest.xml:41:19-62
100            android:exported="false"
100-->src/main/AndroidManifest.xml:41:63-87
101            android:theme="@style/Theme.ExpenseManager.WithActionBar" />
101-->src/main/AndroidManifest.xml:41:88-145
102        <activity
102-->src/main/AndroidManifest.xml:42:9-87
103            android:name="com.expensemanager.app.ui.security.LockActivity"
103-->src/main/AndroidManifest.xml:42:19-59
104            android:exported="false" />
104-->src/main/AndroidManifest.xml:42:60-84
105
106        <receiver
106-->src/main/AndroidManifest.xml:44:9-84
107            android:name="com.expensemanager.app.util.ReminderReceiver"
107-->src/main/AndroidManifest.xml:44:19-56
108            android:exported="false" />
108-->src/main/AndroidManifest.xml:44:57-81
109
110        <provider
111            android:name="androidx.core.content.FileProvider"
111-->src/main/AndroidManifest.xml:47:13-62
112            android:authorities="com.expensemanager.app.fileprovider"
112-->src/main/AndroidManifest.xml:48:13-64
113            android:exported="false"
113-->src/main/AndroidManifest.xml:49:13-37
114            android:grantUriPermissions="true" >
114-->src/main/AndroidManifest.xml:50:13-47
115            <meta-data
115-->src/main/AndroidManifest.xml:51:13-53:54
116                android:name="android.support.FILE_PROVIDER_PATHS"
116-->src/main/AndroidManifest.xml:52:17-67
117                android:resource="@xml/file_paths" />
117-->src/main/AndroidManifest.xml:53:17-51
118        </provider>
119
120        <activity
120-->[com.google.firebase:firebase-auth:23.1.0] AndroidManifest.xml:29:9-46:20
121            android:name="com.google.firebase.auth.internal.GenericIdpActivity"
121-->[com.google.firebase:firebase-auth:23.1.0] AndroidManifest.xml:30:13-80
122            android:excludeFromRecents="true"
122-->[com.google.firebase:firebase-auth:23.1.0] AndroidManifest.xml:31:13-46
123            android:exported="true"
123-->[com.google.firebase:firebase-auth:23.1.0] AndroidManifest.xml:32:13-36
124            android:launchMode="singleTask"
124-->[com.google.firebase:firebase-auth:23.1.0] AndroidManifest.xml:33:13-44
125            android:theme="@android:style/Theme.Translucent.NoTitleBar" >
125-->[com.google.firebase:firebase-auth:23.1.0] AndroidManifest.xml:34:13-72
126            <intent-filter>
126-->[com.google.firebase:firebase-auth:23.1.0] AndroidManifest.xml:35:13-45:29
127                <action android:name="android.intent.action.VIEW" />
127-->[com.google.firebase:firebase-auth:23.1.0] AndroidManifest.xml:36:17-69
127-->[com.google.firebase:firebase-auth:23.1.0] AndroidManifest.xml:36:25-66
128
129                <category android:name="android.intent.category.DEFAULT" />
129-->[com.google.firebase:firebase-auth:23.1.0] AndroidManifest.xml:38:17-76
129-->[com.google.firebase:firebase-auth:23.1.0] AndroidManifest.xml:38:27-73
130                <category android:name="android.intent.category.BROWSABLE" />
130-->[com.google.firebase:firebase-auth:23.1.0] AndroidManifest.xml:39:17-78
130-->[com.google.firebase:firebase-auth:23.1.0] AndroidManifest.xml:39:27-75
131
132                <data
132-->[com.google.firebase:firebase-auth:23.1.0] AndroidManifest.xml:41:17-44:51
133                    android:host="firebase.auth"
133-->[com.google.firebase:firebase-auth:23.1.0] AndroidManifest.xml:42:21-49
134                    android:path="/"
134-->[com.google.firebase:firebase-auth:23.1.0] AndroidManifest.xml:43:21-37
135                    android:scheme="genericidp" />
135-->[com.google.firebase:firebase-auth:23.1.0] AndroidManifest.xml:44:21-48
136            </intent-filter>
137        </activity>
138        <activity
138-->[com.google.firebase:firebase-auth:23.1.0] AndroidManifest.xml:47:9-64:20
139            android:name="com.google.firebase.auth.internal.RecaptchaActivity"
139-->[com.google.firebase:firebase-auth:23.1.0] AndroidManifest.xml:48:13-79
140            android:excludeFromRecents="true"
140-->[com.google.firebase:firebase-auth:23.1.0] AndroidManifest.xml:49:13-46
141            android:exported="true"
141-->[com.google.firebase:firebase-auth:23.1.0] AndroidManifest.xml:50:13-36
142            android:launchMode="singleTask"
142-->[com.google.firebase:firebase-auth:23.1.0] AndroidManifest.xml:51:13-44
143            android:theme="@android:style/Theme.Translucent.NoTitleBar" >
143-->[com.google.firebase:firebase-auth:23.1.0] AndroidManifest.xml:52:13-72
144            <intent-filter>
144-->[com.google.firebase:firebase-auth:23.1.0] AndroidManifest.xml:53:13-63:29
145                <action android:name="android.intent.action.VIEW" />
145-->[com.google.firebase:firebase-auth:23.1.0] AndroidManifest.xml:36:17-69
145-->[com.google.firebase:firebase-auth:23.1.0] AndroidManifest.xml:36:25-66
146
147                <category android:name="android.intent.category.DEFAULT" />
147-->[com.google.firebase:firebase-auth:23.1.0] AndroidManifest.xml:38:17-76
147-->[com.google.firebase:firebase-auth:23.1.0] AndroidManifest.xml:38:27-73
148                <category android:name="android.intent.category.BROWSABLE" />
148-->[com.google.firebase:firebase-auth:23.1.0] AndroidManifest.xml:39:17-78
148-->[com.google.firebase:firebase-auth:23.1.0] AndroidManifest.xml:39:27-75
149
150                <data
150-->[com.google.firebase:firebase-auth:23.1.0] AndroidManifest.xml:41:17-44:51
151                    android:host="firebase.auth"
151-->[com.google.firebase:firebase-auth:23.1.0] AndroidManifest.xml:42:21-49
152                    android:path="/"
152-->[com.google.firebase:firebase-auth:23.1.0] AndroidManifest.xml:43:21-37
153                    android:scheme="recaptcha" />
153-->[com.google.firebase:firebase-auth:23.1.0] AndroidManifest.xml:44:21-48
154            </intent-filter>
155        </activity>
156
157        <service
157-->[com.google.firebase:firebase-auth:23.1.0] AndroidManifest.xml:66:9-72:19
158            android:name="com.google.firebase.components.ComponentDiscoveryService"
158-->[com.google.firebase:firebase-auth:23.1.0] AndroidManifest.xml:67:13-84
159            android:directBootAware="true"
159-->[com.google.firebase:firebase-common:21.0.0] AndroidManifest.xml:32:13-43
160            android:exported="false" >
160-->[com.google.firebase:firebase-auth:23.1.0] AndroidManifest.xml:68:13-37
161            <meta-data
161-->[com.google.firebase:firebase-auth:23.1.0] AndroidManifest.xml:69:13-71:85
162                android:name="com.google.firebase.components:com.google.firebase.auth.FirebaseAuthRegistrar"
162-->[com.google.firebase:firebase-auth:23.1.0] AndroidManifest.xml:70:17-109
163                android:value="com.google.firebase.components.ComponentRegistrar" />
163-->[com.google.firebase:firebase-auth:23.1.0] AndroidManifest.xml:71:17-82
164            <meta-data
164-->[com.google.firebase:firebase-firestore:25.1.1] AndroidManifest.xml:17:13-19:85
165                android:name="com.google.firebase.components:com.google.firebase.firestore.FirebaseFirestoreKtxRegistrar"
165-->[com.google.firebase:firebase-firestore:25.1.1] AndroidManifest.xml:18:17-122
166                android:value="com.google.firebase.components.ComponentRegistrar" />
166-->[com.google.firebase:firebase-firestore:25.1.1] AndroidManifest.xml:19:17-82
167            <meta-data
167-->[com.google.firebase:firebase-firestore:25.1.1] AndroidManifest.xml:20:13-22:85
168                android:name="com.google.firebase.components:com.google.firebase.firestore.FirestoreRegistrar"
168-->[com.google.firebase:firebase-firestore:25.1.1] AndroidManifest.xml:21:17-111
169                android:value="com.google.firebase.components.ComponentRegistrar" />
169-->[com.google.firebase:firebase-firestore:25.1.1] AndroidManifest.xml:22:17-82
170            <meta-data
170-->[com.google.firebase:firebase-common-ktx:21.0.0] AndroidManifest.xml:12:13-14:85
171                android:name="com.google.firebase.components:com.google.firebase.ktx.FirebaseCommonLegacyRegistrar"
171-->[com.google.firebase:firebase-common-ktx:21.0.0] AndroidManifest.xml:13:17-116
172                android:value="com.google.firebase.components.ComponentRegistrar" />
172-->[com.google.firebase:firebase-common-ktx:21.0.0] AndroidManifest.xml:14:17-82
173            <meta-data
173-->[com.google.firebase:firebase-common:21.0.0] AndroidManifest.xml:35:13-37:85
174                android:name="com.google.firebase.components:com.google.firebase.FirebaseCommonKtxRegistrar"
174-->[com.google.firebase:firebase-common:21.0.0] AndroidManifest.xml:36:17-109
175                android:value="com.google.firebase.components.ComponentRegistrar" />
175-->[com.google.firebase:firebase-common:21.0.0] AndroidManifest.xml:37:17-82
176        </service>
177        <service
177-->[androidx.credentials:credentials-play-services-auth:1.2.0-rc01] AndroidManifest.xml:24:9-32:19
178            android:name="androidx.credentials.playservices.CredentialProviderMetadataHolder"
178-->[androidx.credentials:credentials-play-services-auth:1.2.0-rc01] AndroidManifest.xml:25:13-94
179            android:enabled="true"
179-->[androidx.credentials:credentials-play-services-auth:1.2.0-rc01] AndroidManifest.xml:26:13-35
180            android:exported="false" >
180-->[androidx.credentials:credentials-play-services-auth:1.2.0-rc01] AndroidManifest.xml:27:13-37
181            <meta-data
181-->[androidx.credentials:credentials-play-services-auth:1.2.0-rc01] AndroidManifest.xml:29:13-31:104
182                android:name="androidx.credentials.CREDENTIAL_PROVIDER_KEY"
182-->[androidx.credentials:credentials-play-services-auth:1.2.0-rc01] AndroidManifest.xml:30:17-76
183                android:value="androidx.credentials.playservices.CredentialProviderPlayServicesImpl" />
183-->[androidx.credentials:credentials-play-services-auth:1.2.0-rc01] AndroidManifest.xml:31:17-101
184        </service>
185
186        <activity
186-->[androidx.credentials:credentials-play-services-auth:1.2.0-rc01] AndroidManifest.xml:34:9-41:20
187            android:name="androidx.credentials.playservices.HiddenActivity"
187-->[androidx.credentials:credentials-play-services-auth:1.2.0-rc01] AndroidManifest.xml:35:13-76
188            android:configChanges="orientation|screenSize|screenLayout|keyboardHidden"
188-->[androidx.credentials:credentials-play-services-auth:1.2.0-rc01] AndroidManifest.xml:36:13-87
189            android:enabled="true"
189-->[androidx.credentials:credentials-play-services-auth:1.2.0-rc01] AndroidManifest.xml:37:13-35
190            android:exported="false"
190-->[androidx.credentials:credentials-play-services-auth:1.2.0-rc01] AndroidManifest.xml:38:13-37
191            android:fitsSystemWindows="true"
191-->[androidx.credentials:credentials-play-services-auth:1.2.0-rc01] AndroidManifest.xml:39:13-45
192            android:theme="@style/Theme.Hidden" >
192-->[androidx.credentials:credentials-play-services-auth:1.2.0-rc01] AndroidManifest.xml:40:13-48
193        </activity>
194        <activity
194-->[com.google.android.gms:play-services-auth:20.7.0] AndroidManifest.xml:23:9-27:75
195            android:name="com.google.android.gms.auth.api.signin.internal.SignInHubActivity"
195-->[com.google.android.gms:play-services-auth:20.7.0] AndroidManifest.xml:24:13-93
196            android:excludeFromRecents="true"
196-->[com.google.android.gms:play-services-auth:20.7.0] AndroidManifest.xml:25:13-46
197            android:exported="false"
197-->[com.google.android.gms:play-services-auth:20.7.0] AndroidManifest.xml:26:13-37
198            android:theme="@android:style/Theme.Translucent.NoTitleBar" />
198-->[com.google.android.gms:play-services-auth:20.7.0] AndroidManifest.xml:27:13-72
199        <!--
200            Service handling Google Sign-In user revocation. For apps that do not integrate with
201            Google Sign-In, this service will never be started.
202        -->
203        <service
203-->[com.google.android.gms:play-services-auth:20.7.0] AndroidManifest.xml:33:9-37:51
204            android:name="com.google.android.gms.auth.api.signin.RevocationBoundService"
204-->[com.google.android.gms:play-services-auth:20.7.0] AndroidManifest.xml:34:13-89
205            android:exported="true"
205-->[com.google.android.gms:play-services-auth:20.7.0] AndroidManifest.xml:35:13-36
206            android:permission="com.google.android.gms.auth.api.signin.permission.REVOCATION_NOTIFICATION"
206-->[com.google.android.gms:play-services-auth:20.7.0] AndroidManifest.xml:36:13-107
207            android:visibleToInstantApps="true" />
207-->[com.google.android.gms:play-services-auth:20.7.0] AndroidManifest.xml:37:13-48
208
209        <provider
209-->[com.google.firebase:firebase-common:21.0.0] AndroidManifest.xml:23:9-28:39
210            android:name="com.google.firebase.provider.FirebaseInitProvider"
210-->[com.google.firebase:firebase-common:21.0.0] AndroidManifest.xml:24:13-77
211            android:authorities="com.expensemanager.app.firebaseinitprovider"
211-->[com.google.firebase:firebase-common:21.0.0] AndroidManifest.xml:25:13-72
212            android:directBootAware="true"
212-->[com.google.firebase:firebase-common:21.0.0] AndroidManifest.xml:26:13-43
213            android:exported="false"
213-->[com.google.firebase:firebase-common:21.0.0] AndroidManifest.xml:27:13-37
214            android:initOrder="100" />
214-->[com.google.firebase:firebase-common:21.0.0] AndroidManifest.xml:28:13-36
215
216        <activity
216-->[com.google.android.gms:play-services-base:18.0.1] AndroidManifest.xml:20:9-22:45
217            android:name="com.google.android.gms.common.api.GoogleApiActivity"
217-->[com.google.android.gms:play-services-base:18.0.1] AndroidManifest.xml:20:19-85
218            android:exported="false"
218-->[com.google.android.gms:play-services-base:18.0.1] AndroidManifest.xml:22:19-43
219            android:theme="@android:style/Theme.Translucent.NoTitleBar" />
219-->[com.google.android.gms:play-services-base:18.0.1] AndroidManifest.xml:21:19-78
220
221        <provider
221-->[androidx.emoji2:emoji2:1.3.0] AndroidManifest.xml:24:9-32:20
222            android:name="androidx.startup.InitializationProvider"
222-->[androidx.emoji2:emoji2:1.3.0] AndroidManifest.xml:25:13-67
223            android:authorities="com.expensemanager.app.androidx-startup"
223-->[androidx.emoji2:emoji2:1.3.0] AndroidManifest.xml:26:13-68
224            android:exported="false" >
224-->[androidx.emoji2:emoji2:1.3.0] AndroidManifest.xml:27:13-37
225            <meta-data
225-->[androidx.emoji2:emoji2:1.3.0] AndroidManifest.xml:29:13-31:52
226                android:name="androidx.emoji2.text.EmojiCompatInitializer"
226-->[androidx.emoji2:emoji2:1.3.0] AndroidManifest.xml:30:17-75
227                android:value="androidx.startup" />
227-->[androidx.emoji2:emoji2:1.3.0] AndroidManifest.xml:31:17-49
228            <meta-data
228-->[androidx.lifecycle:lifecycle-process:2.7.0] AndroidManifest.xml:29:13-31:52
229                android:name="androidx.lifecycle.ProcessLifecycleInitializer"
229-->[androidx.lifecycle:lifecycle-process:2.7.0] AndroidManifest.xml:30:17-78
230                android:value="androidx.startup" />
230-->[androidx.lifecycle:lifecycle-process:2.7.0] AndroidManifest.xml:31:17-49
231            <meta-data
231-->[androidx.profileinstaller:profileinstaller:1.4.0] AndroidManifest.xml:29:13-31:52
232                android:name="androidx.profileinstaller.ProfileInstallerInitializer"
232-->[androidx.profileinstaller:profileinstaller:1.4.0] AndroidManifest.xml:30:17-85
233                android:value="androidx.startup" />
233-->[androidx.profileinstaller:profileinstaller:1.4.0] AndroidManifest.xml:31:17-49
234        </provider>
235
236        <uses-library
236-->[androidx.window:window:1.0.0] AndroidManifest.xml:25:9-27:40
237            android:name="androidx.window.extensions"
237-->[androidx.window:window:1.0.0] AndroidManifest.xml:26:13-54
238            android:required="false" />
238-->[androidx.window:window:1.0.0] AndroidManifest.xml:27:13-37
239        <uses-library
239-->[androidx.window:window:1.0.0] AndroidManifest.xml:28:9-30:40
240            android:name="androidx.window.sidecar"
240-->[androidx.window:window:1.0.0] AndroidManifest.xml:29:13-51
241            android:required="false" />
241-->[androidx.window:window:1.0.0] AndroidManifest.xml:30:13-37
242
243        <meta-data
243-->[com.google.android.gms:play-services-basement:18.4.0] AndroidManifest.xml:6:9-122
244            android:name="com.google.android.gms.version"
244-->[com.google.android.gms:play-services-basement:18.4.0] AndroidManifest.xml:6:20-65
245            android:value="@integer/google_play_services_version" />
245-->[com.google.android.gms:play-services-basement:18.4.0] AndroidManifest.xml:6:66-119
246
247        <receiver
247-->[androidx.profileinstaller:profileinstaller:1.4.0] AndroidManifest.xml:34:9-52:20
248            android:name="androidx.profileinstaller.ProfileInstallReceiver"
248-->[androidx.profileinstaller:profileinstaller:1.4.0] AndroidManifest.xml:35:13-76
249            android:directBootAware="false"
249-->[androidx.profileinstaller:profileinstaller:1.4.0] AndroidManifest.xml:36:13-44
250            android:enabled="true"
250-->[androidx.profileinstaller:profileinstaller:1.4.0] AndroidManifest.xml:37:13-35
251            android:exported="true"
251-->[androidx.profileinstaller:profileinstaller:1.4.0] AndroidManifest.xml:38:13-36
252            android:permission="android.permission.DUMP" >
252-->[androidx.profileinstaller:profileinstaller:1.4.0] AndroidManifest.xml:39:13-57
253            <intent-filter>
253-->[androidx.profileinstaller:profileinstaller:1.4.0] AndroidManifest.xml:40:13-42:29
254                <action android:name="androidx.profileinstaller.action.INSTALL_PROFILE" />
254-->[androidx.profileinstaller:profileinstaller:1.4.0] AndroidManifest.xml:41:17-91
254-->[androidx.profileinstaller:profileinstaller:1.4.0] AndroidManifest.xml:41:25-88
255            </intent-filter>
256            <intent-filter>
256-->[androidx.profileinstaller:profileinstaller:1.4.0] AndroidManifest.xml:43:13-45:29
257                <action android:name="androidx.profileinstaller.action.SKIP_FILE" />
257-->[androidx.profileinstaller:profileinstaller:1.4.0] AndroidManifest.xml:44:17-85
257-->[androidx.profileinstaller:profileinstaller:1.4.0] AndroidManifest.xml:44:25-82
258            </intent-filter>
259            <intent-filter>
259-->[androidx.profileinstaller:profileinstaller:1.4.0] AndroidManifest.xml:46:13-48:29
260                <action android:name="androidx.profileinstaller.action.SAVE_PROFILE" />
260-->[androidx.profileinstaller:profileinstaller:1.4.0] AndroidManifest.xml:47:17-88
260-->[androidx.profileinstaller:profileinstaller:1.4.0] AndroidManifest.xml:47:25-85
261            </intent-filter>
262            <intent-filter>
262-->[androidx.profileinstaller:profileinstaller:1.4.0] AndroidManifest.xml:49:13-51:29
263                <action android:name="androidx.profileinstaller.action.BENCHMARK_OPERATION" />
263-->[androidx.profileinstaller:profileinstaller:1.4.0] AndroidManifest.xml:50:17-95
263-->[androidx.profileinstaller:profileinstaller:1.4.0] AndroidManifest.xml:50:25-92
264            </intent-filter>
265        </receiver> <!-- The activities will be merged into the manifest of the hosting app. -->
266        <activity
266-->[com.google.android.play:core-common:2.0.3] AndroidManifest.xml:14:9-18:65
267            android:name="com.google.android.play.core.common.PlayCoreDialogWrapperActivity"
267-->[com.google.android.play:core-common:2.0.3] AndroidManifest.xml:15:13-93
268            android:exported="false"
268-->[com.google.android.play:core-common:2.0.3] AndroidManifest.xml:16:13-37
269            android:stateNotNeeded="true"
269-->[com.google.android.play:core-common:2.0.3] AndroidManifest.xml:17:13-42
270            android:theme="@style/Theme.PlayCore.Transparent" />
270-->[com.google.android.play:core-common:2.0.3] AndroidManifest.xml:18:13-62
271    </application>
272
273</manifest>